1 4 
37 4 
2 8 
29 8 
65 8 
74 8 
1 12 
5 12 
13 12 
17 12 
25 12 
37 12 
49 12 
61 12 
73 12 
89 12 
4 16 
49 16 
58 16 
5 20 
41 20 
1 24 
2 24 
10 24 
13 24 
17 24 
25 24 
26 24 
34 24 
41 24 
49 24 
50 24 
73 24 
74 24 
97 24 
98 24 
25 28 
61 28 
8 32 
17 32 
53 32 
98 32 
1 36 
9 36 
13 36 
29 36 
37 36 
49 36 
85 36 
10 40 
73 40 
82 40 
65 44 
1 48 
2 48 
4 48 
5 48 
13 48 
20 48 
26 48 
34 48 
41 48 
49 48 
50 48 
52 48 
53 48 
68 48 
82 48 
89 48 
97 48 
98 48 
13 52 
49 52 
5 56 
50 56 
1 60 
5 60 
25 60 
49 60 
53 60 
65 60 
85 60 
16 64 
34 64 
17 68 
89 68 
2 72 
18 72 
25 72 
26 72 
29 72 
49 72 
58 72 
74 72 
98 72 
20 80 
13 84 
17 84 
25 84 
29 84 
37 84 
53 84 
61 84 
65 84 
73 84 
97 84 
49 88 
2 96 
4 96 
5 96 
8 96 
10 96 
26 96 
40 96 
49 96 
52 96 
68 96 
73 96 
82 96 
98 96 
