222 22
222 23
222 24
222 32
222 33
222 34
222 42
222 43
222 44
223 22
223 23
223 24
223 32
223 33
223 34
223 42
223 43
223 44
224 22
224 23
224 24
224 32
224 33
224 34
224 42
224 43
224 44
226 22
226 23
226 24
226 32
226 33
226 34
226 42
226 43
226 44
228 22
228 23
228 24
228 32
228 33
228 34
228 42
228 43
232 22
232 23
232 24
232 32
232 33
232 34
232 42
232 43
233 22
233 23
233 24
233 32
233 33
233 34
233 42
234 22
234 23
234 24
234 32
234 33
234 34
234 42
236 22
236 23
236 24
236 32
236 33
236 34
236 42
238 22
238 23
238 24
238 32
238 33
238 34
238 42
242 22
242 23
242 24
242 32
242 33
242 34
243 22
243 23
243 24
243 32
243 33
243 34
244 22
244 23
244 24
244 32
244 33
244 34
246 22
246 23
246 24
246 32
246 33
246 34
248 22
248 23
248 24
248 32
248 33
248 34
262 22
262 23
262 32
262 33
263 22
263 23
263 32
263 33
264 22
264 23
264 32
264 33
266 22
266 23
266 32
266 33
268 22
268 23
268 32
268 33
282 22
282 23
282 32
282 33
283 22
283 23
283 32
283 33
284 22
284 23
284 32
284 33
286 22
286 23
286 32
286 33
288 22
288 23
288 32
288 33
322 22
322 23
323 22
323 23
324 22
324 23
326 22
326 23
328 22
328 23
332 22
332 23
333 22
333 23
334 22
336 22
338 22
342 22
343 22
344 22
346 22
348 22
362 22
363 22
364 22
366 22
368 22
382 22
383 22
384 22
386 22
388 22
422 22
423 22
424 22
426 22
428 22
432 22
433 22
434 22
436 22
438 22
442 22
443 22
444 22
446 22
448 22
